#
# There is insufficient memory for the Java Runtime Environment to continue.
# Native memory allocation (malloc) failed to allocate 1045136 bytes for Chunk::new
# Possible reasons:
#   The system is out of physical RAM or swap space
#   The process is running with CompressedOops enabled, and the Java Heap may be blocking the growth of the native heap
# Possible solutions:
#   Reduce memory load on the system
#   Increase physical memory or swap space
#   Check if swap backing store is full
#   Decrease Java heap size (-Xmx/-Xms)
#   Decrease number of Java threads
#   Decrease Java thread stack sizes (-Xss)
#   Set larger code cache with -XX:ReservedCodeCacheSize=
#   JVM is running with Unscaled Compressed Oops mode in which the Java heap is
#     placed in the first 4GB address space. The Java Heap base address is the
#     maximum limit for the native heap growth. Please use -XX:HeapBaseMinAddress
#     to set the Java Heap base and to place the Java Heap above 4GB virtual address.
# This output file may be truncated or incomplete.
#
#  Out of Memory Error (./open/src/hotspot/share/memory/arena.cpp:197), pid=14964, tid=28080
#
# JRE version: Java(TM) SE Runtime Environment 18.9 (11.0.16+11) (build 11.0.16+11-LTS-199)
# Java VM: Java HotSpot(TM) 64-Bit Server VM 18.9 (11.0.16+11-LTS-199, mixed mode, tiered, compressed oops, g1 gc, windows-amd64)
# No core dump will be written. Minidumps are not enabled by default on client versions of Windows
#

---------------  S U M M A R Y ------------

Command Line: -javaagent:C:\Program Files\JetBrains\IntelliJ IDEA Community Edition 2022.2.1\lib\idea_rt.jar=58851:C:\Program Files\JetBrains\IntelliJ IDEA Community Edition 2022.2.1\bin -Dfile.encoding=UTF-8 com.psiadmecejcnacv20.mil.co.psiadmecejcnacv20.PsiadmecEjcNacv20Application

Host: AMD Ryzen 5 3450U with Radeon Vega Mobile Gfx  , 8 cores, 5G,  Windows 10 , 64 bit Build 19041 (10.0.19041.4842)
Time: Sun Oct 13 21:30:20 2024 Hora est. Pacífico, Sudamérica elapsed time: 183393.360650 seconds (2d 2h 56m 33s)

---------------  T H R E A D  ---------------

Current thread (0x000001cefb959800):  JavaThread "C2 CompilerThread0" daemon [_thread_in_native, id=28080, stack(0x000000a7b0600000,0x000000a7b0700000)]


Current CompileTask:
C2:183393361 20136   !   4       org.springframework.web.servlet.mvc.method.annotation.AbstractMessageConverterMethodProcessor::writeWithMessageConverters (1086 bytes)

Stack: [0x000000a7b0600000,0x000000a7b0700000]
Native frames: (J=compiled Java code, j=interpreted, Vv=VM code, C=native code)
V  [jvm.dll+0x62a3ea]
V  [jvm.dll+0x76418f]
V  [jvm.dll+0x765839]
V  [jvm.dll+0x765ec3]
V  [jvm.dll+0x23da98]
V  [jvm.dll+0xb2a1c]
V  [jvm.dll+0xb2fdc]
V  [jvm.dll+0x2ae814]
V  [jvm.dll+0x53d97b]
V  [jvm.dll+0x200877]
V  [jvm.dll+0x1fa5ba]
V  [jvm.dll+0x1f756d]
V  [jvm.dll+0x177c81]
V  [jvm.dll+0x207006]
V  [jvm.dll+0x20519b]
V  [jvm.dll+0x729fa0]
V  [jvm.dll+0x722b74]
V  [jvm.dll+0x629286]
C  [ucrtbase.dll+0x21bb2]
C  [KERNEL32.DLL+0x17374]
C  [ntdll.dll+0x4cc91]


---------------  P R O C E S S  ---------------

Threads class SMR info:
_java_thread_list=0x000001cefd73b1f0, length=30, elements={
0x000001cefb93b800, 0x000001cefb945000, 0x000001cefc2f2800, 0x000001cefb951800,
0x000001cefb954800, 0x000001cefb959800, 0x000001cefb968800, 0x000001cefb98d800,
0x000001cededdb000, 0x000001cefc905000, 0x000001ce81ae1800, 0x000001ce81ae2800,
0x000001ce82bd6000, 0x000001ce80d90000, 0x000001cefcc44000, 0x000001ce80eba800,
0x000001ce80ebc000, 0x000001cefdd04000, 0x000001cefdd04800, 0x000001cefdd05800,
0x000001cefdd0c000, 0x000001cefdd07000, 0x000001cefdd08800, 0x000001cefdd09800,
0x000001cefdd08000, 0x000001cefdd06800, 0x000001cefdd0d800, 0x000001cefdd0b000,
0x000001cefdd0a800, 0x000001cefdd0d000
}

Java Threads: ( => current thread )
  0x000001cefb93b800 JavaThread "Reference Handler" daemon [_thread_blocked, id=9148, stack(0x000000a7b0100000,0x000000a7b0200000)]
  0x000001cefb945000 JavaThread "Finalizer" daemon [_thread_blocked, id=6044, stack(0x000000a7b0200000,0x000000a7b0300000)]
  0x000001cefc2f2800 JavaThread "Signal Dispatcher" daemon [_thread_blocked, id=664, stack(0x000000a7b0300000,0x000000a7b0400000)]
  0x000001cefb951800 JavaThread "Attach Listener" daemon [_thread_blocked, id=21252, stack(0x000000a7b0400000,0x000000a7b0500000)]
  0x000001cefb954800 JavaThread "Service Thread" daemon [_thread_blocked, id=13148, stack(0x000000a7b0500000,0x000000a7b0600000)]
=>0x000001cefb959800 JavaThread "C2 CompilerThread0" daemon [_thread_in_native, id=28080, stack(0x000000a7b0600000,0x000000a7b0700000)]
  0x000001cefb968800 JavaThread "C1 CompilerThread0" daemon [_thread_blocked, id=25580, stack(0x000000a7b0700000,0x000000a7b0800000)]
  0x000001cefb98d800 JavaThread "Sweeper thread" daemon [_thread_blocked, id=2532, stack(0x000000a7b0800000,0x000000a7b0900000)]
  0x000001cededdb000 JavaThread "Common-Cleaner" daemon [_thread_blocked, id=18204, stack(0x000000a7b0900000,0x000000a7b0a00000)]
  0x000001cefc905000 JavaThread "Monitor Ctrl-Break" daemon [_thread_in_native, id=10096, stack(0x000000a7b0b00000,0x000000a7b0c00000)]
  0x000001ce81ae1800 JavaThread "Catalina-utility-1" [_thread_blocked, id=27620, stack(0x000000a7b0e00000,0x000000a7b0f00000)]
  0x000001ce81ae2800 JavaThread "Catalina-utility-2" [_thread_blocked, id=3464, stack(0x000000a7b1200000,0x000000a7b1300000)]
  0x000001ce82bd6000 JavaThread "container-0" [_thread_blocked, id=19204, stack(0x000000a7b1300000,0x000000a7b1400000)]
  0x000001ce80d90000 JavaThread "oracle.jdbc.driver.BlockSource.ThreadedCachingBlockSource.BlockReleaser" daemon [_thread_blocked, id=23028, stack(0x000000a7b1900000,0x000000a7b1a00000)]
  0x000001cefcc44000 JavaThread "InterruptTimer" daemon [_thread_blocked, id=21040, stack(0x000000a7b1a00000,0x000000a7b1b00000)]
  0x000001ce80eba800 JavaThread "HikariPool-1 housekeeper" daemon [_thread_blocked, id=20596, stack(0x000000a7b1400000,0x000000a7b1500000)]
  0x000001ce80ebc000 JavaThread "http-nio-8084-exec-1" daemon [_thread_blocked, id=26368, stack(0x000000a7b1d00000,0x000000a7b1e00000)]
  0x000001cefdd04000 JavaThread "http-nio-8084-exec-2" daemon [_thread_blocked, id=20976, stack(0x000000a7b1e00000,0x000000a7b1f00000)]
  0x000001cefdd04800 JavaThread "http-nio-8084-exec-3" daemon [_thread_blocked, id=26312, stack(0x000000a7b1f00000,0x000000a7b2000000)]
  0x000001cefdd05800 JavaThread "http-nio-8084-exec-4" daemon [_thread_in_native, id=28256, stack(0x000000a7b2000000,0x000000a7b2100000)]
  0x000001cefdd0c000 JavaThread "http-nio-8084-exec-5" daemon [_thread_blocked, id=25572, stack(0x000000a7b2100000,0x000000a7b2200000)]
  0x000001cefdd07000 JavaThread "http-nio-8084-exec-6" daemon [_thread_in_native, id=27256, stack(0x000000a7b2200000,0x000000a7b2300000)]
  0x000001cefdd08800 JavaThread "http-nio-8084-exec-7" daemon [_thread_blocked, id=27152, stack(0x000000a7b2300000,0x000000a7b2400000)]
  0x000001cefdd09800 JavaThread "http-nio-8084-exec-8" daemon [_thread_blocked, id=27176, stack(0x000000a7b2400000,0x000000a7b2500000)]
  0x000001cefdd08000 JavaThread "http-nio-8084-exec-9" daemon [_thread_blocked, id=26832, stack(0x000000a7b2500000,0x000000a7b2600000)]
  0x000001cefdd06800 JavaThread "http-nio-8084-exec-10" daemon [_thread_blocked, id=7048, stack(0x000000a7b2600000,0x000000a7b2700000)]
  0x000001cefdd0d800 JavaThread "http-nio-8084-Poller" daemon [_thread_in_native, id=22840, stack(0x000000a7b2700000,0x000000a7b2800000)]
  0x000001cefdd0b000 JavaThread "http-nio-8084-Acceptor" daemon [_thread_in_native, id=25060, stack(0x000000a7b2800000,0x000000a7b2900000)]
  0x000001cefdd0a800 JavaThread "DestroyJavaVM" [_thread_blocked, id=24684, stack(0x000000a7afa00000,0x000000a7afb00000)]

Other Threads:
  0x000001cefb919800 VMThread "VM Thread" [stack: 0x000000a7b0000000,0x000000a7b0100000] [id=17020]
  0x000001cefc8c1000 WatcherThread [stack: 0x000000a7b0c00000,0x000000a7b0d00000] [id=4228]
  0x000001ceded1b000 GCTaskThread "GC Thread#0" [stack: 0x000000a7afb00000,0x000000a7afc00000] [id=2772]
  0x000001cefd058800 GCTaskThread "GC Thread#1" [stack: 0x000000a7b0d00000,0x000000a7b0e00000] [id=24528]
  0x000001cefd34d800 GCTaskThread "GC Thread#2" [stack: 0x000000a7b0f00000,0x000000a7b1000000] [id=23120]
  0x000001cefd72f000 GCTaskThread "GC Thread#3" [stack: 0x000000a7b1000000,0x000000a7b1100000] [id=10304]
  0x000001ce80017800 GCTaskThread "GC Thread#4" [stack: 0x000000a7b1500000,0x000000a7b1600000] [id=21780]
  0x000001cefcc27000 GCTaskThread "GC Thread#5" [stack: 0x000000a7b1600000,0x000000a7b1700000] [id=9040]
  0x000001ce81a85000 GCTaskThread "GC Thread#6" [stack: 0x000000a7b1700000,0x000000a7b1800000] [id=22384]
  0x000001cefcc46000 GCTaskThread "GC Thread#7" [stack: 0x000000a7b1800000,0x000000a7b1900000] [id=27844]
  0x000001ceded41800 ConcurrentGCThread "G1 Main Marker" [stack: 0x000000a7afc00000,0x000000a7afd00000] [id=12300]
  0x000001ceded43000 ConcurrentGCThread "G1 Conc#0" [stack: 0x000000a7afd00000,0x000000a7afe00000] [id=28120]
  0x000001cefce9c000 ConcurrentGCThread "G1 Conc#1" [stack: 0x000000a7b1100000,0x000000a7b1200000] [id=10724]
  0x000001cededcb800 ConcurrentGCThread "G1 Refine#0" [stack: 0x000000a7afe00000,0x000000a7aff00000] [id=28240]
  0x000001ce808cf800 ConcurrentGCThread "G1 Refine#1" [stack: 0x000000a7af700000,0x000000a7af800000] [id=6660]
  0x000001ce8298e000 ConcurrentGCThread "G1 Refine#2" [stack: 0x000000a7af800000,0x000000a7af900000] [id=1532]
  0x000001cededcc800 ConcurrentGCThread "G1 Young RemSet Sampling" [stack: 0x000000a7aff00000,0x000000a7b0000000] [id=21104]

Threads with active compile tasks:
C2 CompilerThread0  183393445 20136   !   4       org.springframework.web.servlet.mvc.method.annotation.AbstractMessageConverterMethodProcessor::writeWithMessageConverters (1086 bytes)

VM state:not at safepoint (normal execution)

VM Mutex/Monitor currently owned by a thread: None

OutOfMemory and StackOverflow Exception counts:
OutOfMemoryError java_heap_errors=1
LinkageErrors=95

Heap address: 0x00000000a1c00000, size: 1508 MB, Compressed Oops mode: 32-bit
Narrow klass base: 0x0000000000000000, Narrow klass shift: 3
Compressed class space size: 1073741824 Address: 0x0000000100000000

Heap:
 garbage-first heap   total 206848K, used 169061K [0x00000000a1c00000, 0x0000000100000000)
  region size 1024K, 70 young (71680K), 1 survivors (1024K)
 Metaspace       used 96599K, capacity 99107K, committed 99328K, reserved 1136640K
  class space    used 10438K, capacity 11476K, committed 11520K, reserved 1048576K
Heap Regions: E=young(eden), S=young(survivor), O=old, HS=humongous(starts), HC=humongous(continues), CS=collection set, F=free, A=archive, TAMS=top-at-mark-start (previous, next)
|   0|0x00000000a1c00000, 0x00000000a1d00000, 0x00000000a1d00000|100%|HS|  |TAMS 0x00000000a1d00000, 0x00000000a1c00000| Complete 
|   1|0x00000000a1d00000, 0x00000000a1e00000, 0x00000000a1e00000|100%| O|  |TAMS 0x00000000a1e00000, 0x00000000a1d00000| Untracked 
|   2|0x00000000a1e00000, 0x00000000a1f00000, 0x00000000a1f00000|100%| O|  |TAMS 0x00000000a1f00000, 0x00000000a1e00000| Untracked 
|   3|0x00000000a1f00000, 0x00000000a2000000, 0x00000000a2000000|100%| O|  |TAMS 0x00000000a2000000, 0x00000000a1f00000| Untracked 
|   4|0x00000000a2000000, 0x00000000a2100000, 0x00000000a2100000|100%| O|  |TAMS 0x00000000a2100000, 0x00000000a2000000| Untracked 
|   5|0x00000000a2100000, 0x00000000a2200000, 0x00000000a2200000|100%| O|  |TAMS 0x00000000a2200000, 0x00000000a2100000| Untracked 
|   6|0x00000000a2200000, 0x00000000a2300000, 0x00000000a2300000|100%| O|  |TAMS 0x00000000a2300000, 0x00000000a2200000| Untracked 
|   7|0x00000000a2300000, 0x00000000a2400000, 0x00000000a2400000|100%| O|  |TAMS 0x00000000a2400000, 0x00000000a2300000| Untracked 
|   8|0x00000000a2400000, 0x00000000a2500000, 0x00000000a2500000|100%| O|  |TAMS 0x00000000a2500000, 0x00000000a2400000| Untracked 
|   9|0x00000000a2500000, 0x00000000a2600000, 0x00000000a2600000|100%| O|  |TAMS 0x00000000a2600000, 0x00000000a2500000| Untracked 
|  10|0x00000000a2600000, 0x00000000a2700000, 0x00000000a2700000|100%| O|  |TAMS 0x00000000a2700000, 0x00000000a2600000| Untracked 
|  11|0x00000000a2700000, 0x00000000a2800000, 0x00000000a2800000|100%| O|  |TAMS 0x00000000a2800000, 0x00000000a2700000| Untracked 
|  12|0x00000000a2800000, 0x00000000a2900000, 0x00000000a2900000|100%| O|  |TAMS 0x00000000a2900000, 0x00000000a2800000| Untracked 
|  13|0x00000000a2900000, 0x00000000a2a00000, 0x00000000a2a00000|100%| O|  |TAMS 0x00000000a2a00000, 0x00000000a2900000| Untracked 
|  14|0x00000000a2a00000, 0x00000000a2a00000, 0x00000000a2b00000|  0%| F|  |TAMS 0x00000000a2a00000, 0x00000000a2a00000| Untracked 
|  15|0x00000000a2b00000, 0x00000000a2c00000, 0x00000000a2c00000|100%| O|  |TAMS 0x00000000a2c00000, 0x00000000a2b00000| Untracked 
|  16|0x00000000a2c00000, 0x00000000a2d00000, 0x00000000a2d00000|100%| O|  |TAMS 0x00000000a2d00000, 0x00000000a2c00000| Untracked 
|  17|0x00000000a2d00000, 0x00000000a2e00000, 0x00000000a2e00000|100%| O|  |TAMS 0x00000000a2e00000, 0x00000000a2d00000| Untracked 
|  18|0x00000000a2e00000, 0x00000000a2f00000, 0x00000000a2f00000|100%| O|  |TAMS 0x00000000a2f00000, 0x00000000a2e00000| Untracked 
|  19|0x00000000a2f00000, 0x00000000a3000000, 0x00000000a3000000|100%| O|  |TAMS 0x00000000a3000000, 0x00000000a2f00000| Untracked 
|  20|0x00000000a3000000, 0x00000000a3100000, 0x00000000a3100000|100%| O|  |TAMS 0x00000000a3100000, 0x00000000a3000000| Untracked 
|  21|0x00000000a3100000, 0x00000000a3200000, 0x00000000a3200000|100%| O|  |TAMS 0x00000000a3200000, 0x00000000a3100000| Untracked 
|  22|0x00000000a3200000, 0x00000000a3300000, 0x00000000a3300000|100%| O|  |TAMS 0x00000000a3300000, 0x00000000a3200000| Untracked 
|  23|0x00000000a3300000, 0x00000000a3400000, 0x00000000a3400000|100%| O|  |TAMS 0x00000000a3400000, 0x00000000a3300000| Untracked 
|  24|0x00000000a3400000, 0x00000000a3500000, 0x00000000a3500000|100%| O|  |TAMS 0x00000000a3500000, 0x00000000a3400000| Untracked 
|  25|0x00000000a3500000, 0x00000000a3600000, 0x00000000a3600000|100%| O|  |TAMS 0x00000000a3600000, 0x00000000a3500000| Untracked 
|  26|0x00000000a3600000, 0x00000000a3700000, 0x00000000a3700000|100%| O|  |TAMS 0x00000000a3700000, 0x00000000a3600000| Untracked 
|  27|0x00000000a3700000, 0x00000000a3800000, 0x00000000a3800000|100%| O|  |TAMS 0x00000000a3800000, 0x00000000a3700000| Untracked 
|  28|0x00000000a3800000, 0x00000000a3900000, 0x00000000a3900000|100%| O|  |TAMS 0x00000000a3900000, 0x00000000a3800000| Untracked 
|  29|0x00000000a3900000, 0x00000000a3a00000, 0x00000000a3a00000|100%| O|  |TAMS 0x00000000a3a00000, 0x00000000a3900000| Untracked 
|  30|0x00000000a3a00000, 0x00000000a3b00000, 0x00000000a3b00000|100%| O|  |TAMS 0x00000000a3b00000, 0x00000000a3a00000| Untracked 
|  31|0x00000000a3b00000, 0x00000000a3c00000, 0x00000000a3c00000|100%| O|  |TAMS 0x00000000a3c00000, 0x00000000a3b00000| Untracked 
|  32|0x00000000a3c00000, 0x00000000a3d00000, 0x00000000a3d00000|100%| O|  |TAMS 0x00000000a3d00000, 0x00000000a3c00000| Untracked 
|  33|0x00000000a3d00000, 0x00000000a3e00000, 0x00000000a3e00000|100%| O|  |TAMS 0x00000000a3e00000, 0x00000000a3d00000| Untracked 
|  34|0x00000000a3e00000, 0x00000000a3f00000, 0x00000000a3f00000|100%| O|  |TAMS 0x00000000a3f00000, 0x00000000a3e00000| Untracked 
|  35|0x00000000a3f00000, 0x00000000a4000000, 0x00000000a4000000|100%| O|  |TAMS 0x00000000a4000000, 0x00000000a3f00000| Untracked 
|  36|0x00000000a4000000, 0x00000000a4100000, 0x00000000a4100000|100%| O|  |TAMS 0x00000000a4100000, 0x00000000a4000000| Untracked 
|  37|0x00000000a4100000, 0x00000000a4200000, 0x00000000a4200000|100%| O|  |TAMS 0x00000000a4200000, 0x00000000a4100000| Untracked 
|  38|0x00000000a4200000, 0x00000000a4225400, 0x00000000a4300000| 14%| O|  |TAMS 0x00000000a4225400, 0x00000000a4200000| Untracked 
|  39|0x00000000a4300000, 0x00000000a4400000, 0x00000000a4400000|100%| O|  |TAMS 0x00000000a4400000, 0x00000000a4300000| Untracked 
|  40|0x00000000a4400000, 0x00000000a4500000, 0x00000000a4500000|100%| O|  |TAMS 0x00000000a4500000, 0x00000000a4400000| Untracked 
|  41|0x00000000a4500000, 0x00000000a4600000, 0x00000000a4600000|100%| O|  |TAMS 0x00000000a4600000, 0x00000000a4500000| Untracked 
|  42|0x00000000a4600000, 0x00000000a4700000, 0x00000000a4700000|100%| O|  |TAMS 0x00000000a4700000, 0x00000000a4600000| Untracked 
|  43|0x00000000a4700000, 0x00000000a4800000, 0x00000000a4800000|100%| O|  |TAMS 0x00000000a4800000, 0x00000000a4700000| Untracked 
|  44|0x00000000a4800000, 0x00000000a4900000, 0x00000000a4900000|100%| O|  |TAMS 0x00000000a4900000, 0x00000000a4800000| Untracked 
|  45|0x00000000a4900000, 0x00000000a4900000, 0x00000000a4a00000|  0%| F|  |TAMS 0x00000000a4900000, 0x00000000a4900000| Untracked 
|  46|0x00000000a4a00000, 0x00000000a4b00000, 0x00000000a4b00000|100%| O|  |TAMS 0x00000000a4b00000, 0x00000000a4a00000| Untracked 
|  47|0x00000000a4b00000, 0x00000000a4c00000, 0x00000000a4c00000|100%| O|  |TAMS 0x00000000a4c00000, 0x00000000a4b00000| Untracked 
|  48|0x00000000a4c00000, 0x00000000a4d00000, 0x00000000a4d00000|100%| O|  |TAMS 0x00000000a4d00000, 0x00000000a4c00000| Untracked 
|  49|0x00000000a4d00000, 0x00000000a4e00000, 0x00000000a4e00000|100%| O|  |TAMS 0x00000000a4e00000, 0x00000000a4d00000| Untracked 
|  50|0x00000000a4e00000, 0x00000000a4f00000, 0x00000000a4f00000|100%| O|  |TAMS 0x00000000a4f00000, 0x00000000a4e00000| Untracked 
|  51|0x00000000a4f00000, 0x00000000a5000000, 0x00000000a5000000|100%| O|  |TAMS 0x00000000a5000000, 0x00000000a4f00000| Untracked 
|  52|0x00000000a5000000, 0x00000000a5100000, 0x00000000a5100000|100%| O|  |TAMS 0x00000000a5100000, 0x00000000a5000000| Untracked 
|  53|0x00000000a5100000, 0x00000000a5200000, 0x00000000a5200000|100%| O|  |TAMS 0x00000000a5200000, 0x00000000a5100000| Untracked 
|  54|0x00000000a5200000, 0x00000000a5300000, 0x00000000a5300000|100%| O|  |TAMS 0x00000000a5300000, 0x00000000a5200000| Untracked 
|  55|0x00000000a5300000, 0x00000000a5400000, 0x00000000a5400000|100%| O|  |TAMS 0x00000000a5400000, 0x00000000a5300000| Untracked 
|  56|0x00000000a5400000, 0x00000000a5500000, 0x00000000a5500000|100%| O|  |TAMS 0x00000000a5500000, 0x00000000a5400000| Untracked 
|  57|0x00000000a5500000, 0x00000000a5600000, 0x00000000a5600000|100%| O|  |TAMS 0x00000000a5600000, 0x00000000a5500000| Untracked 
|  58|0x00000000a5600000, 0x00000000a5600000, 0x00000000a5700000|  0%| F|  |TAMS 0x00000000a5600000, 0x00000000a5600000| Untracked 
|  59|0x00000000a5700000, 0x00000000a5800000, 0x00000000a5800000|100%| O|  |TAMS 0x00000000a5800000, 0x00000000a5700000| Untracked 
|  60|0x00000000a5800000, 0x00000000a5900000, 0x00000000a5900000|100%| O|  |TAMS 0x00000000a5900000, 0x00000000a5800000| Untracked 
|  61|0x00000000a5900000, 0x00000000a5a00000, 0x00000000a5a00000|100%| O|  |TAMS 0x00000000a5a00000, 0x00000000a5900000| Untracked 
|  62|0x00000000a5a00000, 0x00000000a5b00000, 0x00000000a5b00000|100%| O|  |TAMS 0x00000000a5b00000, 0x00000000a5a00000| Untracked 
|  63|0x00000000a5b00000, 0x00000000a5c00000, 0x00000000a5c00000|100%| O|  |TAMS 0x00000000a5c00000, 0x00000000a5b00000| Untracked 
|  64|0x00000000a5c00000, 0x00000000a5d00000, 0x00000000a5d00000|100%| O|  |TAMS 0x00000000a5d00000, 0x00000000a5c00000| Untracked 
|  65|0x00000000a5d00000, 0x00000000a5d00000, 0x00000000a5e00000|  0%| F|  |TAMS 0x00000000a5d00000, 0x00000000a5d00000| Untracked 
|  66|0x00000000a5e00000, 0x00000000a5e00000, 0x00000000a5f00000|  0%| F|  |TAMS 0x00000000a5e00000, 0x00000000a5e00000| Untracked 
|  67|0x00000000a5f00000, 0x00000000a5f00000, 0x00000000a6000000|  0%| F|  |TAMS 0x00000000a5f00000, 0x00000000a5f00000| Untracked 
|  68|0x00000000a6000000, 0x00000000a6000000, 0x00000000a6100000|  0%| F|  |TAMS 0x00000000a6000000, 0x00000000a6000000| Untracked 
|  69|0x00000000a6100000, 0x00000000a6200000, 0x00000000a6200000|100%| O|  |TAMS 0x00000000a6200000, 0x00000000a6100000| Untracked 
|  70|0x00000000a6200000, 0x00000000a6300000, 0x00000000a6300000|100%| O|  |TAMS 0x00000000a6300000, 0x00000000a6200000| Untracked 
|  71|0x00000000a6300000, 0x00000000a6300000, 0x00000000a6400000|  0%| F|  |TAMS 0x00000000a6300000, 0x00000000a6300000| Untracked 
|  72|0x00000000a6400000, 0x00000000a6500000, 0x00000000a6500000|100%| O|  |TAMS 0x00000000a6500000, 0x00000000a6400000| Untracked 
|  73|0x00000000a6500000, 0x00000000a6500000, 0x00000000a6600000|  0%| F|  |TAMS 0x00000000a6500000, 0x00000000a6500000| Untracked 
|  74|0x00000000a6600000, 0x00000000a6600000, 0x00000000a6700000|  0%| F|  |TAMS 0x00000000a6600000, 0x00000000a6600000| Untracked 
|  75|0x00000000a6700000, 0x00000000a6800000, 0x00000000a6800000|100%| O|  |TAMS 0x00000000a6800000, 0x00000000a6700000| Untracked 
|  76|0x00000000a6800000, 0x00000000a6900000, 0x00000000a6900000|100%| O|  |TAMS 0x00000000a6900000, 0x00000000a6800000| Untracked 
|  77|0x00000000a6900000, 0x00000000a6900000, 0x00000000a6a00000|  0%| F|  |TAMS 0x00000000a6900000, 0x00000000a6900000| Untracked 
|  78|0x00000000a6a00000, 0x00000000a6a00000, 0x00000000a6b00000|  0%| F|  |TAMS 0x00000000a6a00000, 0x00000000a6a00000| Untracked 
|  79|0x00000000a6b00000, 0x00000000a6b00000, 0x00000000a6c00000|  0%| F|  |TAMS 0x00000000a6b00000, 0x00000000a6b00000| Untracked 
|  80|0x00000000a6c00000, 0x00000000a6c00000, 0x00000000a6d00000|  0%| F|  |TAMS 0x00000000a6c00000, 0x00000000a6c00000| Untracked 
|  81|0x00000000a6d00000, 0x00000000a6d00000, 0x00000000a6e00000|  0%| F|  |TAMS 0x00000000a6d00000, 0x00000000a6d00000| Untracked 
|  82|0x00000000a6e00000, 0x00000000a6f00000, 0x00000000a6f00000|100%| O|  |TAMS 0x00000000a6f00000, 0x00000000a6e00000| Untracked 
|  83|0x00000000a6f00000, 0x00000000a6f00000, 0x00000000a7000000|  0%| F|  |TAMS 0x00000000a6f00000, 0x00000000a6f00000| Untracked 
|  84|0x00000000a7000000, 0x00000000a7100000, 0x00000000a7100000|100%| O|  |TAMS 0x00000000a7100000, 0x00000000a7000000| Untracked 
|  85|0x00000000a7100000, 0x00000000a7100000, 0x00000000a7200000|  0%| F|  |TAMS 0x00000000a7100000, 0x00000000a7100000| Untracked 
|  86|0x00000000a7200000, 0x00000000a7200000, 0x00000000a7300000|  0%| F|  |TAMS 0x00000000a7200000, 0x00000000a7200000| Untracked 
|  87|0x00000000a7300000, 0x00000000a7400000, 0x00000000a7400000|100%| O|  |TAMS 0x00000000a7400000, 0x00000000a7300000| Untracked 
|  88|0x00000000a7400000, 0x00000000a7500000, 0x00000000a7500000|100%| O|  |TAMS 0x00000000a7500000, 0x00000000a7400000| Untracked 
|  89|0x00000000a7500000, 0x00000000a7500000, 0x00000000a7600000|  0%| F|  |TAMS 0x00000000a7500000, 0x00000000a7500000| Untracked 
|  90|0x00000000a7600000, 0x00000000a7700000, 0x00000000a7700000|100%| O|  |TAMS 0x00000000a7700000, 0x00000000a7600000| Untracked 
|  91|0x00000000a7700000, 0x00000000a7700000, 0x00000000a7800000|  0%| F|  |TAMS 0x00000000a7700000, 0x00000000a7700000| Untracked 
|  92|0x00000000a7800000, 0x00000000a7900000, 0x00000000a7900000|100%| O|  |TAMS 0x00000000a7900000, 0x00000000a7800000| Untracked 
|  93|0x00000000a7900000, 0x00000000a7900000, 0x00000000a7a00000|  0%| F|  |TAMS 0x00000000a7900000, 0x00000000a7900000| Untracked 
|  94|0x00000000a7a00000, 0x00000000a7a00000, 0x00000000a7b00000|  0%| F|  |TAMS 0x00000000a7a00000, 0x00000000a7a00000| Untracked 
|  95|0x00000000a7b00000, 0x00000000a7bf4280, 0x00000000a7c00000| 95%| S|CS|TAMS 0x00000000a7b00000, 0x00000000a7b00000| Complete 
|  96|0x00000000a7c00000, 0x00000000a7c00000, 0x00000000a7d00000|  0%| F|  |TAMS 0x00000000a7c00000, 0x00000000a7c00000| Untracked 
|  97|0x00000000a7d00000, 0x00000000a7e00000, 0x00000000a7e00000|100%| O|  |TAMS 0x00000000a7e00000, 0x00000000a7d00000| Untracked 
|  98|0x00000000a7e00000, 0x00000000a7e00000, 0x00000000a7f00000|  0%| F|  |TAMS 0x00000000a7e00000, 0x00000000a7e00000| Untracked 
|  99|0x00000000a7f00000, 0x00000000a7f00000, 0x00000000a8000000|  0%| F|  |TAMS 0x00000000a7f00000, 0x00000000a7f00000| Untracked 
| 100|0x00000000a8000000, 0x00000000a8000000, 0x00000000a8100000|  0%| F|  |TAMS 0x00000000a8000000, 0x00000000a8000000| Untracked 
| 101|0x00000000a8100000, 0x00000000a8100000, 0x00000000a8200000|  0%| F|  |TAMS 0x00000000a8100000, 0x00000000a8100000| Untracked 
| 102|0x00000000a8200000, 0x00000000a8200000, 0x00000000a8300000|  0%| F|  |TAMS 0x00000000a8200000, 0x00000000a8200000| Untracked 
| 103|0x00000000a8300000, 0x00000000a8400000, 0x00000000a8400000|100%| O|  |TAMS 0x00000000a8400000, 0x00000000a8300000| Untracked 
| 104|0x00000000a8400000, 0x00000000a8500000, 0x00000000a8500000|100%| O|  |TAMS 0x00000000a8500000, 0x00000000a8400000| Untracked 
| 105|0x00000000a8500000, 0x00000000a8500000, 0x00000000a8600000|  0%| F|  |TAMS 0x00000000a8500000, 0x00000000a8500000| Untracked 
| 106|0x00000000a8600000, 0x00000000a8600000, 0x00000000a8700000|  0%| F|  |TAMS 0x00000000a8600000, 0x00000000a8600000| Untracked 
| 107|0x00000000a8700000, 0x00000000a8800000, 0x00000000a8800000|100%| O|  |TAMS 0x00000000a8800000, 0x00000000a8700000| Untracked 
| 108|0x00000000a8800000, 0x00000000a8800000, 0x00000000a8900000|  0%| F|  |TAMS 0x00000000a8800000, 0x00000000a8800000| Untracked 
| 109|0x00000000a8900000, 0x00000000a8900000, 0x00000000a8a00000|  0%| F|  |TAMS 0x00000000a8900000, 0x00000000a8900000| Untracked 
| 110|0x00000000a8a00000, 0x00000000a8b00000, 0x00000000a8b00000|100%| O|  |TAMS 0x00000000a8b00000, 0x00000000a8a00000| Untracked 
| 111|0x00000000a8b00000, 0x00000000a8c00000, 0x00000000a8c00000|100%| O|  |TAMS 0x00000000a8c00000, 0x00000000a8b00000| Untracked 
| 112|0x00000000a8c00000, 0x00000000a8d00000, 0x00000000a8d00000|100%| O|  |TAMS 0x00000000a8d00000, 0x00000000a8c00000| Untracked 
| 113|0x00000000a8d00000, 0x00000000a8e00000, 0x00000000a8e00000|100%| O|  |TAMS 0x00000000a8e00000, 0x00000000a8d00000| Untracked 
| 114|0x00000000a8e00000, 0x00000000a8e00000, 0x00000000a8f00000|  0%| F|  |TAMS 0x00000000a8e00000, 0x00000000a8e00000| Untracked 
| 115|0x00000000a8f00000, 0x00000000a9000000, 0x00000000a9000000|100%| O|  |TAMS 0x00000000a9000000, 0x00000000a8f00000| Untracked 
| 116|0x00000000a9000000, 0x00000000a9100000, 0x00000000a9100000|100%| O|  |TAMS 0x00000000a9100000, 0x00000000a9000000| Untracked 
| 117|0x00000000a9100000, 0x00000000a9200000, 0x00000000a9200000|100%| O|  |TAMS 0x00000000a9200000, 0x00000000a9100000| Untracked 
| 118|0x00000000a9200000, 0x00000000a9200000, 0x00000000a9300000|  0%| F|  |TAMS 0x00000000a9200000, 0x00000000a9200000| Untracked 
| 119|0x00000000a9300000, 0x00000000a9400000, 0x00000000a9400000|100%| O|  |TAMS 0x00000000a9400000, 0x00000000a9300000| Untracked 
| 120|0x00000000a9400000, 0x00000000a9500000, 0x00000000a9500000|100%| O|  |TAMS 0x00000000a9500000, 0x00000000a9400000| Untracked 
| 121|0x00000000a9500000, 0x00000000a9600000, 0x00000000a9600000|100%| O|  |TAMS 0x00000000a9600000, 0x00000000a9500000| Untracked 
| 122|0x00000000a9600000, 0x00000000a9700000, 0x00000000a9700000|100%| O|  |TAMS 0x00000000a9700000, 0x00000000a9600000| Untracked 
| 123|0x00000000a9700000, 0x00000000a9800000, 0x00000000a9800000|100%| O|  |TAMS 0x00000000a9800000, 0x00000000a9700000| Untracked 
| 124|0x00000000a9800000, 0x00000000a9800000, 0x00000000a9900000|  0%| F|  |TAMS 0x00000000a9800000, 0x00000000a9800000| Untracked 
| 125|0x00000000a9900000, 0x00000000a9a00000, 0x00000000a9a00000|100%| O|  |TAMS 0x00000000a9a00000, 0x00000000a9900000| Untracked 
| 126|0x00000000a9a00000, 0x00000000a9b00000, 0x00000000a9b00000|100%| O|  |TAMS 0x00000000a9b00000, 0x00000000a9a00000| Untracked 
| 127|0x00000000a9b00000, 0x00000000a9c00000, 0x00000000a9c00000|100%| O|  |TAMS 0x00000000a9c00000, 0x00000000a9b00000| Untracked 
| 128|0x00000000a9c00000, 0x00000000a9d00000, 0x00000000a9d00000|100%| O|  |TAMS 0x00000000a9d00000, 0x00000000a9c00000| Untracked 
| 129|0x00000000a9d00000, 0x00000000a9e00000, 0x00000000a9e00000|100%| O|  |TAMS 0x00000000a9e00000, 0x00000000a9d00000| Untracked 
| 130|0x00000000a9e00000, 0x00000000a9f00000, 0x00000000a9f00000|100%| O|  |TAMS 0x00000000a9f00000, 0x00000000a9e00000| Untracked 
| 131|0x00000000a9f00000, 0x00000000aa000000, 0x00000000aa000000|100%| O|  |TAMS 0x00000000aa000000, 0x00000000a9f00000| Untracked 
| 132|0x00000000aa000000, 0x00000000aa100000, 0x00000000aa100000|100%| O|  |TAMS 0x00000000aa100000, 0x00000000aa000000| Untracked 
| 133|0x00000000aa100000, 0x00000000aa1c3b18, 0x00000000aa200000| 76%| E|  |TAMS 0x00000000aa100000, 0x00000000aa100000| Complete 
| 134|0x00000000aa200000, 0x00000000aa300000, 0x00000000aa300000|100%| E|CS|TAMS 0x00000000aa200000, 0x00000000aa200000| Complete 
| 135|0x00000000aa300000, 0x00000000aa400000, 0x00000000aa400000|100%| E|CS|TAMS 0x00000000aa300000, 0x00000000aa300000| Complete 
| 136|0x00000000aa400000, 0x00000000aa500000, 0x00000000aa500000|100%| E|CS|TAMS 0x00000000aa400000, 0x00000000aa400000| Complete 
| 137|0x00000000aa500000, 0x00000000aa600000, 0x00000000aa600000|100%| E|CS|TAMS 0x00000000aa500000, 0x00000000aa500000| Complete 
| 138|0x00000000aa600000, 0x00000000aa700000, 0x00000000aa700000|100%| E|CS|TAMS 0x00000000aa600000, 0x00000000aa600000| Complete 
| 139|0x00000000aa700000, 0x00000000aa800000, 0x00000000aa800000|100%| E|CS|TAMS 0x00000000aa700000, 0x00000000aa700000| Complete 
| 140|0x00000000aa800000, 0x00000000aa900000, 0x00000000aa900000|100%| E|CS|TAMS 0x00000000aa800000, 0x00000000aa800000| Complete 
| 141|0x00000000aa900000, 0x00000000aaa00000, 0x00000000aaa00000|100%| E|CS|TAMS 0x00000000aa900000, 0x00000000aa900000| Complete 
| 142|0x00000000aaa00000, 0x00000000aab00000, 0x00000000aab00000|100%| E|CS|TAMS 0x00000000aaa00000, 0x00000000aaa00000| Complete 
| 143|0x00000000aab00000, 0x00000000aac00000, 0x00000000aac00000|100%| E|CS|TAMS 0x00000000aab00000, 0x00000000aab00000| Complete 
| 144|0x00000000aac00000, 0x00000000aad00000, 0x00000000aad00000|100%| E|CS|TAMS 0x00000000aac00000, 0x00000000aac00000| Complete 
| 145|0x00000000aad00000, 0x00000000aae00000, 0x00000000aae00000|100%| E|CS|TAMS 0x00000000aad00000, 0x00000000aad00000| Complete 
| 146|0x00000000aae00000, 0x00000000aaf00000, 0x00000000aaf00000|100%| E|CS|TAMS 0x00000000aae00000, 0x00000000aae00000| Complete 
| 147|0x00000000aaf00000, 0x00000000ab000000, 0x00000000ab000000|100%| E|CS|TAMS 0x00000000aaf00000, 0x00000000aaf00000| Complete 
| 148|0x00000000ab000000, 0x00000000ab100000, 0x00000000ab100000|100%| E|CS|TAMS 0x00000000ab000000, 0x00000000ab000000| Complete 
| 149|0x00000000ab100000, 0x00000000ab200000, 0x00000000ab200000|100%| E|CS|TAMS 0x00000000ab100000, 0x00000000ab100000| Complete 
| 150|0x00000000ab200000, 0x00000000ab300000, 0x00000000ab300000|100%| E|CS|TAMS 0x00000000ab200000, 0x00000000ab200000| Complete 
| 151|0x00000000ab300000, 0x00000000ab400000, 0x00000000ab400000|100%| E|CS|TAMS 0x00000000ab300000, 0x00000000ab300000| Complete 
| 152|0x00000000ab400000, 0x00000000ab500000, 0x00000000ab500000|100%| E|CS|TAMS 0x00000000ab400000, 0x00000000ab400000| Complete 
| 153|0x00000000ab500000, 0x00000000ab600000, 0x00000000ab600000|100%| E|CS|TAMS 0x00000000ab500000, 0x00000000ab500000| Complete 
| 154|0x00000000ab600000, 0x00000000ab700000, 0x00000000ab700000|100%| E|CS|TAMS 0x00000000ab600000, 0x00000000ab600000| Complete 
| 155|0x00000000ab700000, 0x00000000ab800000, 0x00000000ab800000|100%| E|CS|TAMS 0x00000000ab700000, 0x00000000ab700000| Complete 
| 156|0x00000000ab800000, 0x00000000ab900000, 0x00000000ab900000|100%| E|CS|TAMS 0x00000000ab800000, 0x00000000ab800000| Complete 
| 157|0x00000000ab900000, 0x00000000aba00000, 0x00000000aba00000|100%| E|CS|TAMS 0x00000000ab900000, 0x00000000ab900000| Complete 
| 158|0x00000000aba00000, 0x00000000abb00000, 0x00000000abb00000|100%| E|CS|TAMS 0x00000000aba00000, 0x00000000aba00000| Complete 
| 159|0x00000000abb00000, 0x00000000abc00000, 0x00000000abc00000|100%| E|CS|TAMS 0x00000000abb00000, 0x00000000abb00000| Complete 
| 160|0x00000000abc00000, 0x00000000abd00000, 0x00000000abd00000|100%| E|CS|TAMS 0x00000000abc00000, 0x00000000abc00000| Complete 
| 161|0x00000000abd00000, 0x00000000abe00000, 0x00000000abe00000|100%| E|CS|TAMS 0x00000000abd00000, 0x00000000abd00000| Complete 
| 162|0x00000000abe00000, 0x00000000abf00000, 0x00000000abf00000|100%| E|CS|TAMS 0x00000000abe00000, 0x00000000abe00000| Complete 
| 163|0x00000000abf00000, 0x00000000ac000000, 0x00000000ac000000|100%| E|CS|TAMS 0x00000000abf00000, 0x00000000abf00000| Complete 
| 164|0x00000000ac000000, 0x00000000ac100000, 0x00000000ac100000|100%| E|CS|TAMS 0x00000000ac000000, 0x00000000ac000000| Complete 
| 165|0x00000000ac100000, 0x00000000ac200000, 0x00000000ac200000|100%| E|CS|TAMS 0x00000000ac100000, 0x00000000ac100000| Complete 
| 166|0x00000000ac200000, 0x00000000ac300000, 0x00000000ac300000|100%| E|CS|TAMS 0x00000000ac200000, 0x00000000ac200000| Complete 
| 167|0x00000000ac300000, 0x00000000ac400000, 0x00000000ac400000|100%| E|CS|TAMS 0x00000000ac300000, 0x00000000ac300000| Complete 
| 168|0x00000000ac400000, 0x00000000ac500000, 0x00000000ac500000|100%| E|CS|TAMS 0x00000000ac400000, 0x00000000ac400000| Complete 
| 169|0x00000000ac500000, 0x00000000ac600000, 0x00000000ac600000|100%| E|CS|TAMS 0x00000000ac500000, 0x00000000ac500000| Complete 
| 170|0x00000000ac600000, 0x00000000ac700000, 0x00000000ac700000|100%| E|CS|TAMS 0x00000000ac600000, 0x00000000ac600000| Complete 
| 171|0x00000000ac700000, 0x00000000ac800000, 0x00000000ac800000|100%| E|CS|TAMS 0x00000000ac700000, 0x00000000ac700000| Complete 
| 172|0x00000000ac800000, 0x00000000ac900000, 0x00000000ac900000|100%| E|CS|TAMS 0x00000000ac800000, 0x00000000ac800000| Complete 
| 173|0x00000000ac900000, 0x00000000aca00000, 0x00000000aca00000|100%| E|CS|TAMS 0x00000000ac900000, 0x00000000ac900000| Complete 
| 174|0x00000000aca00000, 0x00000000acb00000, 0x00000000acb00000|100%| E|CS|TAMS 0x00000000aca00000, 0x00000000aca00000| Complete 
| 175|0x00000000acb00000, 0x00000000acc00000, 0x00000000acc00000|100%| E|CS|TAMS 0x00000000acb00000, 0x00000000acb00000| Complete 
| 176|0x00000000acc00000, 0x00000000acd00000, 0x00000000acd00000|100%| E|CS|TAMS 0x00000000acc00000, 0x00000000acc00000| Complete 
| 177|0x00000000acd00000, 0x00000000ace00000, 0x00000000ace00000|100%| E|CS|TAMS 0x00000000acd00000, 0x00000000acd00000| Complete 
| 178|0x00000000ace00000, 0x00000000acf00000, 0x00000000acf00000|100%| E|CS|TAMS 0x00000000ace00000, 0x00000000ace00000| Complete 
| 179|0x00000000acf00000, 0x00000000ad000000, 0x00000000ad000000|100%| E|CS|TAMS 0x00000000acf00000, 0x00000000acf00000| Complete 
| 180|0x00000000ad000000, 0x00000000ad100000, 0x00000000ad100000|100%| E|CS|TAMS 0x00000000ad000000, 0x00000000ad000000| Complete 
| 181|0x00000000ad100000, 0x00000000ad200000, 0x00000000ad200000|100%| E|CS|TAMS 0x00000000ad100000, 0x00000000ad100000| Complete 
| 182|0x00000000ad200000, 0x00000000ad300000, 0x00000000ad300000|100%| E|CS|TAMS 0x00000000ad200000, 0x00000000ad200000| Complete 
| 183|0x00000000ad300000, 0x00000000ad400000, 0x00000000ad400000|100%| E|CS|TAMS 0x00000000ad300000, 0x00000000ad300000| Complete 
| 184|0x00000000ad400000, 0x00000000ad500000, 0x00000000ad500000|100%| E|CS|TAMS 0x00000000ad400000, 0x00000000ad400000| Complete 
| 185|0x00000000ad500000, 0x00000000ad600000, 0x00000000ad600000|100%| E|CS|TAMS 0x00000000ad500000, 0x00000000ad500000| Complete 
| 186|0x00000000ad600000, 0x00000000ad700000, 0x00000000ad700000|100%| E|CS|TAMS 0x00000000ad600000, 0x00000000ad600000| Complete 
| 187|0x00000000ad700000, 0x00000000ad800000, 0x00000000ad800000|100%| E|CS|TAMS 0x00000000ad700000, 0x00000000ad700000| Complete 
| 188|0x00000000ad800000, 0x00000000ad900000, 0x00000000ad900000|100%| E|CS|TAMS 0x00000000ad800000, 0x00000000ad800000| Complete 
| 189|0x00000000ad900000, 0x00000000ada00000, 0x00000000ada00000|100%| E|CS|TAMS 0x00000000ad900000, 0x00000000ad900000| Complete 
| 190|0x00000000ada00000, 0x00000000adb00000, 0x00000000adb00000|100%| E|CS|TAMS 0x00000000ada00000, 0x00000000ada00000| Complete 
| 191|0x00000000adb00000, 0x00000000adc00000, 0x00000000adc00000|100%| E|CS|TAMS 0x00000000adb00000, 0x00000000adb00000| Complete 
| 192|0x00000000adc00000, 0x00000000add00000, 0x00000000add00000|100%| E|CS|TAMS 0x00000000adc00000, 0x00000000adc00000| Complete 
| 193|0x00000000add00000, 0x00000000ade00000, 0x00000000ade00000|100%| E|CS|TAMS 0x00000000add00000, 0x00000000add00000| Complete 
| 194|0x00000000ade00000, 0x00000000adf00000, 0x00000000adf00000|100%| E|CS|TAMS 0x00000000ade00000, 0x00000000ade00000| Complete 
| 195|0x00000000adf00000, 0x00000000ae000000, 0x00000000ae000000|100%| E|CS|TAMS 0x00000000adf00000, 0x00000000adf00000| Complete 
| 196|0x00000000ae000000, 0x00000000ae100000, 0x00000000ae100000|100%| E|CS|TAMS 0x00000000ae000000, 0x00000000ae000000| Complete 
| 197|0x00000000ae100000, 0x00000000ae200000, 0x00000000ae200000|100%| E|CS|TAMS 0x00000000ae100000, 0x00000000ae100000| Complete 
| 198|0x00000000ae200000, 0x00000000ae300000, 0x00000000ae300000|100%| E|CS|TAMS 0x00000000ae200000, 0x00000000ae200000| Complete 
| 199|0x00000000ae300000, 0x00000000ae400000, 0x00000000ae400000|100%| E|CS|TAMS 0x00000000ae300000, 0x00000000ae300000| Complete 
| 200|0x00000000ae400000, 0x00000000ae500000, 0x00000000ae500000|100%| E|CS|TAMS 0x00000000ae400000, 0x00000000ae400000| Complete 
| 201|0x00000000ae500000, 0x00000000ae600000, 0x00000000ae600000|100%| E|CS|TAMS 0x00000000ae500000, 0x00000000ae500000| Complete 

Card table byte_map: [0x000001cef59e0000,0x000001cef5ce0000] _byte_map_base: 0x000001cef54d2000

Marking Bits (Prev, Next): (CMBitMap*) 0x000001ceded3ab10, (CMBitMap*) 0x000001ceded3aad8
 Prev Bits: [0x000001cef7770000, 0x000001cef8f00000)
 Next Bits: [0x000001cef5fe0000, 0x000001cef7770000)

Polling page: 0x000001cedccd0000

Metaspace:

Usage:
  Non-class:     85.58 MB capacity,    84.14 MB ( 98%) used,     1.08 MB (  1%) free+waste,   367.75 KB ( <1%) overhead. 
      Class:     11.21 MB capacity,    10.19 MB ( 91%) used,   887.47 KB (  8%) free+waste,   150.00 KB (  1%) overhead. 
       Both:     96.78 MB capacity,    94.34 MB ( 97%) used,     1.94 MB (  2%) free+waste,   517.75 KB ( <1%) overhead. 

Virtual space:
  Non-class space:       86.00 MB reserved,      85.75 MB (>99%) committed 
      Class space:        1.00 GB reserved,      11.25 MB (  1%) committed 
             Both:        1.08 GB reserved,      97.00 MB (  9%) committed 

Chunk freelists:
   Non-Class:  14.13 KB
       Class:  5.50 KB
        Both:  19.63 KB

CodeHeap 'non-profiled nmethods': size=120000Kb used=17337Kb max_used=17337Kb free=102662Kb
 bounds [0x000001ceede80000, 0x000001ceeef80000, 0x000001cef53b0000]
CodeHeap 'profiled nmethods': size=120000Kb used=30342Kb max_used=32880Kb free=89658Kb
 bounds [0x000001cee6950000, 0x000001cee8a20000, 0x000001ceede80000]
CodeHeap 'non-nmethods': size=5760Kb used=1281Kb max_used=1370Kb free=4478Kb
 bounds [0x000001cee63b0000, 0x000001cee6620000, 0x000001cee6950000]
 total_blobs=16552 nmethods=15878 adapters=584
 compilation: enabled
              stopped_count=0, restarted_count=0
 full_count=0

Compilation events (10 events):
Event: 183392.155 Thread 0x000001cefb959800 nmethod 20131 0x000001ceeef71410 code [0x000001ceeef71580, 0x000001ceeef71618]
Event: 183392.161 Thread 0x000001cefb959800 20132       4       org.apache.coyote.http11.AbstractHttp11Protocol::useCompression (10 bytes)
Event: 183392.163 Thread 0x000001cefb959800 nmethod 20132 0x000001ceeef71710 code [0x000001ceeef718a0, 0x000001ceeef71948]
Event: 183392.297 Thread 0x000001cefb968800 20133   !   3       org.apache.coyote.http11.Http11Processor::prepareResponse (872 bytes)
Event: 183392.313 Thread 0x000001cefb968800 nmethod 20133 0x000001cee7fc2710 code [0x000001cee7fc2fe0, 0x000001cee7fc7658]
Event: 183392.444 Thread 0x000001cefb968800 20134   !   3       org.apache.coyote.http11.Http11Processor::ack (66 bytes)
Event: 183392.446 Thread 0x000001cefb968800 nmethod 20134 0x000001cee752e190 code [0x000001cee752e360, 0x000001cee752e7b8]
Event: 183392.457 Thread 0x000001cefb959800 20135       4       com.fasterxml.jackson.databind.util.TypeKey::untypedHash (8 bytes)
Event: 183392.474 Thread 0x000001cefb959800 nmethod 20135 0x000001ceeef71a10 code [0x000001ceeef71ba0, 0x000001ceeef71e08]
Event: 183392.851 Thread 0x000001cefb959800 20136   !   4       org.springframework.web.servlet.mvc.method.annotation.AbstractMessageConverterMethodProcessor::writeWithMessageConverters (1086 bytes)

GC Heap History (10 events):
Event: 181653.177 GC heap before
{Heap before GC invocations=247 (full 0):
 garbage-first heap   total 206848K, used 181415K [0x00000000a1c00000, 0x0000000100000000)
  region size 1024K, 82 young (83968K), 2 survivors (2048K)
 Metaspace       used 96426K, capacity 98950K, committed 99328K, reserved 1136640K
  class space    used 10412K, capacity 11442K, committed 11520K, reserved 1048576K
}
Event: 181653.179 GC heap after
{Heap after GC invocations=248 (full 0):
 garbage-first heap   total 206848K, used 99501K [0x00000000a1c00000, 0x0000000100000000)
  region size 1024K, 2 young (2048K), 2 survivors (2048K)
 Metaspace       used 96426K, capacity 98950K, committed 99328K, reserved 1136640K
  class space    used 10412K, capacity 11442K, committed 11520K, reserved 1048576K
}
Event: 181671.276 GC heap before
{Heap before GC invocations=248 (full 0):
 garbage-first heap   total 206848K, used 181421K [0x00000000a1c00000, 0x0000000100000000)
  region size 1024K, 82 young (83968K), 2 survivors (2048K)
 Metaspace       used 96426K, capacity 98950K, committed 99328K, reserved 1136640K
  class space    used 10412K, capacity 11442K, committed 11520K, reserved 1048576K
}
Event: 181671.280 GC heap after
{Heap after GC invocations=249 (full 0):
 garbage-first heap   total 206848K, used 99454K [0x00000000a1c00000, 0x0000000100000000)
  region size 1024K, 1 young (1024K), 1 survivors (1024K)
 Metaspace       used 96426K, capacity 98950K, committed 99328K, reserved 1136640K
  class space    used 10412K, capacity 11442K, committed 11520K, reserved 1048576K
}
Event: 183340.374 GC heap before
{Heap before GC invocations=250 (full 0):
 garbage-first heap   total 206848K, used 182398K [0x00000000a1c00000, 0x0000000100000000)
  region size 1024K, 82 young (83968K), 1 survivors (1024K)
 Metaspace       used 96438K, capacity 98968K, committed 99328K, reserved 1136640K
  class space    used 10413K, capacity 11445K, committed 11520K, reserved 1048576K
}
Event: 183340.420 GC heap after
{Heap after GC invocations=251 (full 0):
 garbage-first heap   total 206848K, used 99535K [0x00000000a1c00000, 0x0000000100000000)
  region size 1024K, 2 young (2048K), 2 survivors (2048K)
 Metaspace       used 96438K, capacity 98968K, committed 99328K, reserved 1136640K
  class space    used 10413K, capacity 11445K, committed 11520K, reserved 1048576K
}
Event: 183358.728 GC heap before
{Heap before GC invocations=251 (full 0):
 garbage-first heap   total 206848K, used 181455K [0x00000000a1c00000, 0x0000000100000000)
  region size 1024K, 82 young (83968K), 2 survivors (2048K)
 Metaspace       used 96438K, capacity 98968K, committed 99328K, reserved 1136640K
  class space    used 10413K, capacity 11445K, committed 11520K, reserved 1048576K
}
Event: 183358.787 GC heap after
{Heap after GC invocations=252 (full 0):
 garbage-first heap   total 206848K, used 99449K [0x00000000a1c00000, 0x0000000100000000)
  region size 1024K, 1 young (1024K), 1 survivors (1024K)
 Metaspace       used 96438K, capacity 98968K, committed 99328K, reserved 1136640K
  class space    used 10413K, capacity 11445K, committed 11520K, reserved 1048576K
}
Event: 183379.084 GC heap before
{Heap before GC invocations=253 (full 0):
 garbage-first heap   total 206848K, used 182393K [0x00000000a1c00000, 0x0000000100000000)
  region size 1024K, 82 young (83968K), 1 survivors (1024K)
 Metaspace       used 96413K, capacity 98932K, committed 99328K, reserved 1136640K
  class space    used 10410K, capacity 11439K, committed 11520K, reserved 1048576K
}
Event: 183379.088 GC heap after
{Heap after GC invocations=254 (full 0):
 garbage-first heap   total 206848K, used 99429K [0x00000000a1c00000, 0x0000000100000000)
  region size 1024K, 1 young (1024K), 1 survivors (1024K)
 Metaspace       used 96413K, capacity 98932K, committed 99328K, reserved 1136640K
  class space    used 10410K, capacity 11439K, committed 11520K, reserved 1048576K
}

Deoptimization events (10 events):
Event: 183391.115 Thread 0x000001cefdd04000 Uncommon trap: reason=bimorphic_or_optimized_type_check action=maybe_recompile pc=0x000001ceee98f278 method=org.springframework.http.converter.json.AbstractJackson2HttpMessageConverter.writeInternal(Ljava/lang/Object;Ljava/lang/reflect/Type;Lorg/springfra
Event: 183391.193 Thread 0x000001cefdd04000 Uncommon trap: reason=unstable_if action=reinterpret pc=0x000001ceedfcde44 method=com.fasterxml.jackson.databind.ser.impl.ReadOnlyClassToSerializerMap.untypedValueSerializer(Ljava/lang/Class;)Lcom/fasterxml/jackson/databind/JsonSerializer; @ 16 c2
Event: 183391.204 Thread 0x000001cefdd04000 Uncommon trap: reason=class_check action=maybe_recompile pc=0x000001ceeee404bc method=com.fasterxml.jackson.databind.ser.std.DateSerializer.serialize(Ljava/lang/Object;Lcom/fasterxml/jackson/core/JsonGenerator;Lcom/fasterxml/jackson/databind/SerializerPro
Event: 183391.205 Thread 0x000001cefdd04000 Uncommon trap: reason=unstable_if action=reinterpret pc=0x000001ceeeeb89f4 method=com.fasterxml.jackson.databind.util.StdDateFormat.pad3(Ljava/lang/StringBuffer;I)V @ 6 c2
Event: 183391.209 Thread 0x000001cefdd04000 Uncommon trap: reason=unstable_if action=reinterpret pc=0x000001ceee9978f0 method=org.apache.coyote.http11.Http11OutputBuffer.sendStatus()V @ 26 c2
Event: 183391.210 Thread 0x000001cefdd04000 Uncommon trap: reason=class_check action=maybe_recompile pc=0x000001ceee9ee6b8 method=org.springframework.web.context.request.async.WebAsyncUtils.getAsyncManager(Ljavax/servlet/ServletRequest;)Lorg/springframework/web/context/request/async/WebAsyncManager
Event: 183391.211 Thread 0x000001cefdd04000 Uncommon trap: reason=class_check action=maybe_recompile pc=0x000001ceeecf07e8 method=org.springframework.web.context.request.ServletRequestAttributes.getAttribute(Ljava/lang/String;I)Ljava/lang/Object; @ 26 c2
Event: 183391.212 Thread 0x000001cefdd04000 Uncommon trap: reason=unstable_if action=reinterpret pc=0x000001ceee0c7234 method=org.apache.catalina.core.StandardContext.unbind(ZLjava/lang/ClassLoader;)V @ 1 c2
Event: 183391.214 Thread 0x000001cefdd04000 Uncommon trap: reason=unstable_if action=reinterpret pc=0x000001ceeec7b6c0 method=org.apache.catalina.connector.OutputBuffer.close()V @ 4 c2
Event: 183391.214 Thread 0x000001cefdd04000 Uncommon trap: reason=unstable_if action=reinterpret pc=0x000001ceeeafdc30 method=org.apache.coyote.RequestInfo.updateCounters()V @ 58 c2

Classes redefined (0 events):
No events

Internal exceptions (10 events):
Event: 81487.228 Thread 0x000001ce80ebc000 Implicit null exception at 0x000001ceee3d7438 to 0x000001ceee3d9cc4
Event: 81770.391 Thread 0x000001cefdd04800 Implicit null exception at 0x000001ceee60ab20 to 0x000001ceee60af84
Event: 81784.349 Thread 0x000001cefdd08800 Implicit null exception at 0x000001ceeed0a942 to 0x000001ceeed0a9c3
Event: 81784.768 Thread 0x000001cefdd08800 Implicit null exception at 0x000001ceeecfd673 to 0x000001ceeed002cc
Event: 81784.863 Thread 0x000001cefdd08800 Implicit null exception at 0x000001ceeea28ff0 to 0x000001ceeea29490
Event: 183390.322 Thread 0x000001cefdd04000 Exception <a 'java/lang/OutOfMemoryError'{0x00000000ab2c4fe0}: unable to create native thread: possibly out of memory or process/resource limits reached> (0x00000000ab2c4fe0) thrown at [./open/src/hotspot/share/prims/jvm.cpp, line 2923]
Event: 183390.701 Thread 0x000001cefdd04000 Exception <a 'java/lang/NoClassDefFoundError'{0x00000000ab03a230}: sun/reflect/Reflection> (0x00000000ab03a230) thrown at [./open/src/hotspot/share/classfile/systemDictionary.cpp, line 215]
Event: 183390.968 Thread 0x000001cefdd04000 Implicit null exception at 0x000001ceee0e8fb1 to 0x000001ceee0e9504
Event: 183391.081 Thread 0x000001cefdd04000 Implicit null exception at 0x000001ceee0a4c91 to 0x000001ceee0a5168
Event: 183391.193 Thread 0x000001cefdd04000 Implicit null exception at 0x000001ceedfcdb3d to 0x000001ceedfcde30

Events (10 events):
Event: 183392.243 Thread 0x000001cefdd12800 Thread added: 0x000001cefdd12800
Event: 183392.245 Thread 0x000001cefdd12800 Thread exited: 0x000001cefdd12800
Event: 183392.622 Thread 0x000001cefdd12800 Thread added: 0x000001cefdd12800
Event: 183392.623 Thread 0x000001cefdd12800 Thread exited: 0x000001cefdd12800
Event: 183392.844 Thread 0x000001cefdd12800 Thread added: 0x000001cefdd12800
Event: 183392.847 Thread 0x000001cefdd12800 Thread exited: 0x000001cefdd12800
Event: 183393.174 Thread 0x000001cefdd0d000 Thread added: 0x000001cefdd0d000
Event: 183393.174 Thread 0x000001cefdd12800 Thread added: 0x000001cefdd12800
Event: 183393.175 Thread 0x000001cefdd12800 Thread exited: 0x000001cefdd12800
Event: 183393.175 Thread 0x000001cefdd0d000 Thread exited: 0x000001cefdd0d000


Dynamic libraries:
0x00007ff789640000 - 0x00007ff78964f000 	C:\Program Files\Java\jdk-11.0.16\bin\java.exe
0x00007fff72b30000 - 0x00007fff72d28000 	C:\Windows\SYSTEM32\ntdll.dll
0x00007fff72880000 - 0x00007fff72941000 	C:\Windows\System32\KERNEL32.DLL
0x00007fff704c0000 - 0x00007fff707bd000 	C:\Windows\System32\KERNELBASE.dll
0x00007fff701e0000 - 0x00007fff702e0000 	C:\Windows\System32\ucrtbase.dll
0x00007fff62e10000 - 0x00007fff62e28000 	C:\Program Files\Java\jdk-11.0.16\bin\jli.dll
0x00007fff6d840000 - 0x00007fff6d855000 	C:\Program Files\Java\jdk-11.0.16\bin\VCRUNTIME140.dll
0x00007fff72a40000 - 0x00007fff72af0000 	C:\Windows\System32\ADVAPI32.dll
0x00007fff71c10000 - 0x00007fff71cae000 	C:\Windows\System32\msvcrt.dll
0x00007fff70cb0000 - 0x00007fff70d50000 	C:\Windows\System32\sechost.dll
0x00007fff70b80000 - 0x00007fff70ca3000 	C:\Windows\System32\RPCRT4.dll
0x00007fff70380000 - 0x00007fff703a7000 	C:\Windows\System32\bcrypt.dll
0x00007fff71d10000 - 0x00007fff71ead000 	C:\Windows\System32\USER32.dll
0x00007fff70490000 - 0x00007fff704b2000 	C:\Windows\System32\win32u.dll
0x00007fff4ba50000 - 0x00007fff4bcea000 	C:\Windows\WinSxS\amd64_microsoft.windows.common-controls_6595b64144ccf1df_6.0.19041.4355_none_60b8b9eb71f62e16\COMCTL32.dll
0x00007fff722e0000 - 0x00007fff7230b000 	C:\Windows\System32\GDI32.dll
0x00007fff70870000 - 0x00007fff70987000 	C:\Windows\System32\gdi32full.dll
0x00007fff702e0000 - 0x00007fff7037d000 	C:\Windows\System32\msvcp_win.dll
0x00007fff678c0000 - 0x00007fff678ca000 	C:\Windows\SYSTEM32\VERSION.dll
0x00007fff72380000 - 0x00007fff723af000 	C:\Windows\System32\IMM32.DLL
0x00007fff3d400000 - 0x00007fff3d49b000 	C:\Program Files\Java\jdk-11.0.16\bin\msvcp140.dll
0x00007fff098f0000 - 0x00007fff0a408000 	C:\Program Files\Java\jdk-11.0.16\bin\server\jvm.dll
0x00007fff72950000 - 0x00007fff72958000 	C:\Windows\System32\PSAPI.DLL
0x00007fff58790000 - 0x00007fff58799000 	C:\Windows\SYSTEM32\WSOCK32.dll
0x00007fff657a0000 - 0x00007fff657c7000 	C:\Windows\SYSTEM32\WINMM.dll
0x00007fff72100000 - 0x00007fff7216b000 	C:\Windows\System32\WS2_32.dll
0x00007fff6e060000 - 0x00007fff6e072000 	C:\Windows\SYSTEM32\kernel.appcore.dll
0x00007fff6d200000 - 0x00007fff6d210000 	C:\Program Files\Java\jdk-11.0.16\bin\verify.dll
0x00007fff67d20000 - 0x00007fff67f04000 	C:\Windows\SYSTEM32\DBGHELP.DLL
0x00007fff5b990000 - 0x00007fff5b9c4000 	C:\Windows\SYSTEM32\dbgcore.DLL
0x00007fff70400000 - 0x00007fff70482000 	C:\Windows\System32\bcryptPrimitives.dll
0x00007fff61650000 - 0x00007fff61678000 	C:\Program Files\Java\jdk-11.0.16\bin\java.dll
0x00007fff6c610000 - 0x00007fff6c61a000 	C:\Program Files\Java\jdk-11.0.16\bin\jimage.dll
0x00007fff6aaf0000 - 0x00007fff6aafe000 	C:\Program Files\Java\jdk-11.0.16\bin\instrument.dll
0x00007fff62760000 - 0x00007fff62776000 	C:\Program Files\Java\jdk-11.0.16\bin\zip.dll
0x00007fff713d0000 - 0x00007fff71b3f000 	C:\Windows\System32\SHELL32.dll
0x00007fff6e260000 - 0x00007fff6ea03000 	C:\Windows\SYSTEM32\windows.storage.dll
0x00007fff71070000 - 0x00007fff713c3000 	C:\Windows\System32\combase.dll
0x00007fff6fb40000 - 0x00007fff6fb6e000 	C:\Windows\SYSTEM32\Wldp.dll
0x00007fff71b40000 - 0x00007fff71c0d000 	C:\Windows\System32\OLEAUT32.dll
0x00007fff72180000 - 0x00007fff7222d000 	C:\Windows\System32\SHCORE.dll
0x00007fff72820000 - 0x00007fff72875000 	C:\Windows\System32\shlwapi.dll
0x00007fff70110000 - 0x00007fff70134000 	C:\Windows\SYSTEM32\profapi.dll
0x00007fff5f300000 - 0x00007fff5f319000 	C:\Program Files\Java\jdk-11.0.16\bin\net.dll
0x00007fff67040000 - 0x00007fff6714d000 	C:\Windows\SYSTEM32\WINHTTP.dll
0x00007fff6f8a0000 - 0x00007fff6f90a000 	C:\Windows\system32\mswsock.dll
0x00007fff5f2c0000 - 0x00007fff5f2d2000 	C:\Program Files\Java\jdk-11.0.16\bin\nio.dll
0x00007fff43450000 - 0x00007fff4346a000 	C:\Program Files\JetBrains\IntelliJ IDEA Community Edition 2022.2.1\bin\breakgen64.dll
0x00007fff6a9f0000 - 0x00007fff6a9f9000 	C:\Program Files\Java\jdk-11.0.16\bin\management.dll
0x00007fff5f3e0000 - 0x00007fff5f3eb000 	C:\Program Files\Java\jdk-11.0.16\bin\management_ext.dll
0x00007fff500c0000 - 0x00007fff500d7000 	C:\Windows\system32\napinsp.dll
0x00007fff50080000 - 0x00007fff5009b000 	C:\Windows\system32\pnrpnsp.dll
0x00007fff6ab60000 - 0x00007fff6ab75000 	C:\Windows\system32\wshbth.dll
0x00007fff6bb20000 - 0x00007fff6bb3d000 	C:\Windows\system32\NLAapi.dll
0x00007fff6f580000 - 0x00007fff6f5bb000 	C:\Windows\SYSTEM32\IPHLPAPI.DLL
0x00007fff6f5c0000 - 0x00007fff6f68a000 	C:\Windows\SYSTEM32\DNSAPI.dll
0x00007fff72170000 - 0x00007fff72178000 	C:\Windows\System32\NSI.dll
0x00007fff500a0000 - 0x00007fff500b2000 	C:\Windows\System32\winrnr.dll
0x00007fff611a0000 - 0x00007fff611aa000 	C:\Windows\System32\rasadhlp.dll
0x00007fff60d90000 - 0x00007fff60e10000 	C:\Windows\System32\fwpuclnt.dll
0x00007fff6faa0000 - 0x00007fff6fab8000 	C:\Windows\SYSTEM32\CRYPTSP.dll
0x00007fff6f1c0000 - 0x00007fff6f1f4000 	C:\Windows\system32\rsaenh.dll
0x00007fff70090000 - 0x00007fff700be000 	C:\Windows\SYSTEM32\USERENV.dll
0x00007fff6fa90000 - 0x00007fff6fa9c000 	C:\Windows\SYSTEM32\CRYPTBASE.dll
0x00007fff68e30000 - 0x00007fff68e47000 	C:\Windows\SYSTEM32\dhcpcsvc6.DLL
0x00007fff68e10000 - 0x00007fff68e2d000 	C:\Windows\SYSTEM32\dhcpcsvc.DLL
0x00007fff43060000 - 0x00007fff43085000 	C:\Program Files\Java\jdk-11.0.16\bin\sunec.dll
0x00007fff5f1b0000 - 0x00007fff5f1bd000 	C:\Program Files\Java\jdk-11.0.16\bin\sunmscapi.dll
0x00007fff70990000 - 0x00007fff70aec000 	C:\Windows\System32\CRYPT32.dll
0x00007fff6fbb0000 - 0x00007fff6fbd9000 	C:\Windows\SYSTEM32\ncrypt.dll
0x00007fff6fb70000 - 0x00007fff6fbab000 	C:\Windows\SYSTEM32\NTASN1.dll

dbghelp: loaded successfully - version: 4.0.5 - missing functions: none
symbol engine: initialized successfully - sym options: 0x614 - pdb path: .;C:\Program Files\Java\jdk-11.0.16\bin;C:\Windows\SYSTEM32;C:\Windows\WinSxS\amd64_microsoft.windows.common-controls_6595b64144ccf1df_6.0.19041.4355_none_60b8b9eb71f62e16;C:\Program Files\Java\jdk-11.0.16\bin\server;C:\Program Files\JetBrains\IntelliJ IDEA Community Edition 2022.2.1\bin

VM Arguments:
jvm_args: -javaagent:C:\Program Files\JetBrains\IntelliJ IDEA Community Edition 2022.2.1\lib\idea_rt.jar=58851:C:\Program Files\JetBrains\IntelliJ IDEA Community Edition 2022.2.1\bin -Dfile.encoding=UTF-8 
java_command: com.psiadmecejcnacv20.mil.co.psiadmecejcnacv20.PsiadmecEjcNacv20Application
java_class_path (initial): C:\Users\DELL\Documents\workspace-spring-tool-suite-4-4.16.0.RELEASE\psiadmecejcnacv20\target\classes;C:\Users\DELL\.m2\repository\com\github\oshi\oshi-core\5.8.1\oshi-core-5.8.1.jar;C:\Users\DELL\.m2\repository\net\java\dev\jna\jna\5.9.0\jna-5.9.0.jar;C:\Users\DELL\.m2\repository\net\java\dev\jna\jna-platform\5.9.0\jna-platform-5.9.0.jar;C:\Users\DELL\.m2\repository\org\slf4j\slf4j-api\1.7.36\slf4j-api-1.7.36.jar;C:\Users\DELL\.m2\repository\org\springframework\boot\spring-boot-starter-data-jpa\2.6.11\spring-boot-starter-data-jpa-2.6.11.jar;C:\Users\DELL\.m2\repository\org\springframework\boot\spring-boot-starter-aop\2.6.11\spring-boot-starter-aop-2.6.11.jar;C:\Users\DELL\.m2\repository\org\springframework\spring-aop\5.3.22\spring-aop-5.3.22.jar;C:\Users\DELL\.m2\repository\org\aspectj\aspectjweaver\1.9.7\aspectjweaver-1.9.7.jar;C:\Users\DELL\.m2\repository\jakarta\transaction\jakarta.transaction-api\1.3.3\jakarta.transaction-api-1.3.3.jar;C:\Users\DELL\.m2\repository\jakarta\persistence\jakarta.persistence-api\2.2.3\jakarta.persistence-api-2.2.3.jar;C:\Users\DELL\.m2\repository\org\hibernate\hibernate-core\5.6.10.Final\hibernate-core-5.6.10.Final.jar;C:\Users\DELL\.m2\repository\org\jboss\logging\jboss-logging\3.4.3.Final\jboss-logging-3.4.3.Final.jar;C:\Users\DELL\.m2\repository\net\bytebuddy\byte-buddy\1.11.22\byte-buddy-1.11.22.jar;C:\Users\DELL\.m2\repository\antlr\antlr\2.7.7\antlr-2.7.7.jar;C:\Users\DELL\.m2\repository\org\jboss\jandex\2.4.2.Final\jandex-2.4.2.Final.jar;C:\Users\DELL\.m2\repository\com\fasterxml\classmate\1.5.1\classmate-1.5.1.jar;C:\Users\DELL\.m2\repository\org\hibernate\common\hibernate-commons-annotations\5.1.2.Final\hibernate-commons-annotations-5.1.2.Final.jar;C:\Users\DELL\.m2\repository\org\glassfish\jaxb\jaxb-runtime\2.3.6\jaxb-runtime-2.3.6.jar;C:\Users\DELL\.m2\repository\org\glassfish\jaxb\txw2\2.3.6\txw2-2.3.6.jar;C:\Users\DELL\.m2\repository\com\sun\istack\istack-commons-runtime\3.0.12\istack-common
Launcher Type: SUN_STANDARD

[Global flags]
     intx CICompilerCount                          = 4                                         {product} {ergonomic}
     uint ConcGCThreads                            = 2                                         {product} {ergonomic}
     uint G1ConcRefinementThreads                  = 8                                         {product} {ergonomic}
   size_t G1HeapRegionSize                         = 1048576                                   {product} {ergonomic}
    uintx GCDrainStackTargetSize                   = 64                                        {product} {ergonomic}
   size_t InitialHeapSize                          = 100663296                                 {product} {ergonomic}
   size_t MarkStackSize                            = 4194304                                   {product} {ergonomic}
   size_t MaxHeapSize                              = 1581252608                                {product} {ergonomic}
   size_t MaxNewSize                               = 947912704                                 {product} {ergonomic}
   size_t MinHeapDeltaBytes                        = 1048576                                   {product} {ergonomic}
    uintx NonNMethodCodeHeapSize                   = 5836300                                {pd product} {ergonomic}
    uintx NonProfiledCodeHeapSize                  = 122910970                              {pd product} {ergonomic}
    uintx ProfiledCodeHeapSize                     = 122910970                              {pd product} {ergonomic}
    uintx ReservedCodeCacheSize                    = 251658240                              {pd product} {ergonomic}
     bool SegmentedCodeCache                       = true                                      {product} {ergonomic}
     bool UseCompressedClassPointers               = true                                 {lp64_product} {ergonomic}
     bool UseCompressedOops                        = true                                 {lp64_product} {ergonomic}
     bool UseG1GC                                  = true                                      {product} {ergonomic}
     bool UseLargePagesIndividualAllocation        = false                                  {pd product} {ergonomic}

Logging:
Log output configuration:
 #0: stdout all=warning uptime,level,tags
 #1: stderr all=off uptime,level,tags

Environment Variables:
PATH=C:\ORACLE_CLIENT\x86\instantclient_21_10;C:\Windows;C:\Windows\System32\Wbem;C:\Windows\System32\WindowsPowerShell\v1.0\;C:\Windows\System32\OpenSSH\;C:\Program Files\Git\cmd;C:\Program Files\nodejs\;;C:\Program Files\Git LFS;C:\Users\DELL\AppData\Local\Microsoft\WindowsApps;D:\AppServ\Apache24\bin;D:\AppServ\php5;D:\AppServ\MySQL\bin;C:\Program Files\JetBrains\IntelliJ IDEA Community Edition 2022.2.1\bin;C:\ORACLE_CLIENT\instantclient_21_10;;C:\Users\DELL\AppData\Local\Programs\Microsoft VS Code\bin;C:\Users\DELL\AppData\Roaming\npm;C:\Windows\System32;
USERNAME=DELL
OS=Windows_NT
PROCESSOR_IDENTIFIER=AMD64 Family 23 Model 24 Stepping 1, AuthenticAMD



---------------  S Y S T E M  ---------------

OS: Windows 10 , 64 bit Build 19041 (10.0.19041.4842)

CPU:total 8 (initial active 8) (8 cores per cpu, 2 threads per core) family 23 model 24 stepping 1 microcode 0x0, cmov, cx8, fxsr, mmx, sse, sse2, sse3, ssse3, sse4.1, sse4.2, popcnt, avx, avx2, aes, clmul, mmxext, 3dnowpref, lzcnt, sse4a, ht, tsc, tscinvbit, tscinv, bmi1, bmi2, adx, s

Memory: 4k page, system-wide physical 6030M (313M free)
TotalPageFile size 24462M (AvailPageFile size 9M)
current process WorkingSet (physical memory assigned to process): 382M, peak: 477M
current process commit charge ("private bytes"): 512M, peak: 528M

vm_info: Java HotSpot(TM) 64-Bit Server VM (11.0.16+11-LTS-199) for windows-amd64 JRE (11.0.16+11-LTS-199), built on Jun 28 2022 08:23:17 by "mach5one" with MS VC++ 15.9 (VS2017)

END.
